<?xml version="1.0" encoding="UTF-8"?>
<!-- Generated by org.testng.reporters.JUnitReportReporter -->
<testsuite skipped="0" hostname="krishnaN-L" name="com.practice.runner.TestRunner" tests="1" failures="0" timestamp="2023-06-26T08:06:00 IST" time="10.145" errors="0">
  <testcase name="runScenario" time="10.145" classname="com.practice.runner.TestRunner"/>
  <system-out/>
</testsuite> <!-- com.practice.runner.TestRunner -->
