<?xml version="1.0" encoding="UTF-8"?>
<!-- Generated by org.testng.reporters.JUnitReportReporter -->
<testsuite skipped="0" hostname="krishnaN-L" name="com.practice.AppTest" tests="1" failures="0" timestamp="2023-06-24T18:00:02 IST" time="24.749" errors="0">
  <testcase name="testLogin" time="24.749" classname="com.practice.AppTest"/>
  <system-out/>
</testsuite> <!-- com.practice.AppTest -->
